<?xml version="1.0" encoding="utf-8"?><testsuites name="pytest tests"><testsuite name="pytest" errors="0" failures="0" skipped="0" tests="3" time="2.260" timestamp="2026-08-15T18:40:14.713789+00:00" hostname="agent-env-23df9471-5f83-4632-bd55-d9a230ce483c"><testcase classname="tests.test_github_contributions" name="test_github_contributions_status_and_shape" time="0.975" /><testcase classname="tests.test_github_contributions" name="test_github_contributions_day_shape" time="0.118" /><testcase classname="tests.test_github_contributions" name="test_github_contributions_cache_hit_second_call" time="0.305" /></testsuite></testsuites>